<?xml version="1.0" encoding="UTF-8"?>
<!-- Generated by org.testng.reporters.JUnitXMLReporter -->
<testsuite ignored="0" hostname="Saurabhchoudhari" failures="0" tests="3" name="Submitform" time="44.633" errors="0" timestamp="2024-01-10T15:19:42 IST">
  <testcase classname="SaurabhSeleniumPackage.Tests.Submitform" name="SubmitsForm" time="9.703"/>
  <testcase classname="SaurabhSeleniumPackage.Tests.Submitform" name="SubmitsForm" time="9.687"/>
  <testcase classname="SaurabhSeleniumPackage.Tests.Submitform" name="orderHistory" time="0.827"/>
</testsuite> <!-- Submitform -->
