<?xml version="1.0" encoding="UTF-8"?>
<!-- Generated by org.testng.reporters.JUnitXMLReporter -->
<testsuite ignored="0" hostname="Saurabhchoudhari" failures="1" tests="3" name="Error Validation Test" time="32.564" errors="0" timestamp="2024-01-18T06:25:53 IST">
  <testcase classname="SaurabhSeleniumPackage.Tests.ErrorValidations" name="loginErrorMessage" time="0.481">
    <skipped/>
  </testcase> <!-- loginErrorMessage -->
  <testcase classname="SaurabhSeleniumPackage.Tests.ErrorValidations" name="loginErrorMessage" time="0.43">
    <failure type="java.lang.AssertionError" message="expected [Incorrect email or password.] but found [Incorrect email or password]">
      <![CDATA[java.lang.AssertionError: expected [Incorrect email or password.] but found [Incorrect email or password]
at SaurabhSeleniumPackage.Tests.ErrorValidations.loginErrorMessage(ErrorValidations.java:24)
at java.base/java.util.ArrayList.forEach(ArrayList.java:1596)
at java.base/java.util.concurrent.FutureTask.run(FutureTask.java:317)
at java.base/java.util.concurrent.ThreadPoolExecutor.runWorker(ThreadPoolExecutor.java:1144)
at java.base/java.util.concurrent.ThreadPoolExecutor$Worker.run(ThreadPoolExecutor.java:642)
at java.base/java.lang.Thread.run(Thread.java:1583)
... Removed 21 stack frames]]>
    </failure>
  </testcase> <!-- loginErrorMessage -->
  <testcase classname="SaurabhSeleniumPackage.Tests.ErrorValidations" name="productErrorValidation" time="8.659"/>
</testsuite> <!-- Error Validation Test -->
