<?xml version="1.0" encoding="UTF-8"?>
<!-- Generated by org.testng.reporters.JUnitXMLReporter -->
<testsuite ignored="0" hostname="Saurabhchoudhari" failures="0" tests="3" name="Submitform" time="44.276" errors="0" timestamp="2024-01-18T06:26:04 IST">
  <testcase classname="SaurabhSeleniumPackage.Tests.Submitform" name="SubmitsForm" time="9.416"/>
  <testcase classname="SaurabhSeleniumPackage.Tests.Submitform" name="SubmitsForm" time="9.701"/>
  <testcase classname="SaurabhSeleniumPackage.Tests.Submitform" name="orderHistory" time="0.594"/>
</testsuite> <!-- Submitform -->
